F:\C艹PROJECTS\BIGPROJECT\BIGPROJECT\DEBUG\BATTLEMODE.OBJ
F:\C艹PROJECTS\BIGPROJECT\BIGPROJECT\DEBUG\SINGLEMODE.OBJ
F:\C艹PROJECTS\BIGPROJECT\BIGPROJECT\DEBUG\TIMEMODE.OBJ
F:\C艹PROJECTS\BIGPROJECT\BIGPROJECT\DEBUG\MAIN.OBJ
F:\C艹PROJECTS\BIGPROJECT\BIGPROJECT\DEBUG\FUNTIONS.OBJ
F:\C艹PROJECTS\BIGPROJECT\BIGPROJECT\DEBUG\VC110.PDB
F:\C艹PROJECTS\BIGPROJECT\DEBUG\BIGPROJECT.ILK
F:\C艹PROJECTS\BIGPROJECT\DEBUG\BIGPROJECT.EXE
F:\C艹PROJECTS\BIGPROJECT\DEBUG\BIGPROJECT.PDB
F:\C艹Projects\BigProject\BigProject\Debug\BattleMode.obj
F:\C艹Projects\BigProject\BigProject\Debug\funtions.obj
F:\C艹Projects\BigProject\BigProject\Debug\main.obj
F:\C艹Projects\BigProject\BigProject\Debug\SingleMode.obj
F:\C艹Projects\BigProject\BigProject\Debug\TimeMode.obj
F:\C艹Projects\BigProject\BigProject\Debug\cl.command.1.tlog
F:\C艹Projects\BigProject\BigProject\Debug\CL.read.1.tlog
F:\C艹Projects\BigProject\BigProject\Debug\CL.write.1.tlog
F:\C艹Projects\BigProject\BigProject\Debug\link-cvtres.read.1.tlog
F:\C艹Projects\BigProject\BigProject\Debug\link-cvtres.write.1.tlog
F:\C艹Projects\BigProject\BigProject\Debug\link-rc.read.1.tlog
F:\C艹Projects\BigProject\BigProject\Debug\link-rc.write.1.tlog
F:\C艹Projects\BigProject\BigProject\Debug\link.10180-cvtres.read.1.tlog
F:\C艹Projects\BigProject\BigProject\Debug\link.10180-cvtres.write.1.tlog
F:\C艹Projects\BigProject\BigProject\Debug\link.10180-rc.read.1.tlog
F:\C艹Projects\BigProject\BigProject\Debug\link.10180-rc.write.1.tlog
F:\C艹Projects\BigProject\BigProject\Debug\link.10180.read.1.tlog
F:\C艹Projects\BigProject\BigProject\Debug\link.10180.write.1.tlog
F:\C艹Projects\BigProject\BigProject\Debug\link.10412-cvtres.read.1.tlog
F:\C艹Projects\BigProject\BigProject\Debug\link.10412-cvtres.write.1.tlog
F:\C艹Projects\BigProject\BigProject\Debug\link.10412-rc.read.1.tlog
F:\C艹Projects\BigProject\BigProject\Debug\link.10412-rc.write.1.tlog
F:\C艹Projects\BigProject\BigProject\Debug\link.10412.read.1.tlog
F:\C艹Projects\BigProject\BigProject\Debug\link.10412.write.1.tlog
F:\C艹Projects\BigProject\BigProject\Debug\link.10488-cvtres.read.1.tlog
F:\C艹Projects\BigProject\BigProject\Debug\link.10488-cvtres.write.1.tlog
F:\C艹Projects\BigProject\BigProject\Debug\link.10488-rc.read.1.tlog
F:\C艹Projects\BigProject\BigProject\Debug\link.10488-rc.write.1.tlog
F:\C艹Projects\BigProject\BigProject\Debug\link.10488.read.1.tlog
F:\C艹Projects\BigProject\BigProject\Debug\link.10488.write.1.tlog
F:\C艹Projects\BigProject\BigProject\Debug\link.10584-cvtres.read.1.tlog
F:\C艹Projects\BigProject\BigProject\Debug\link.10584-cvtres.write.1.tlog
F:\C艹Projects\BigProject\BigProject\Debug\link.10584-rc.read.1.tlog
F:\C艹Projects\BigProject\BigProject\Debug\link.10584-rc.write.1.tlog
F:\C艹Projects\BigProject\BigProject\Debug\link.10584.read.1.tlog
F:\C艹Projects\BigProject\BigProject\Debug\link.10584.write.1.tlog
F:\C艹Projects\BigProject\BigProject\Debug\link.10604-cvtres.read.1.tlog
F:\C艹Projects\BigProject\BigProject\Debug\link.10604-cvtres.write.1.tlog
F:\C艹Projects\BigProject\BigProject\Debug\link.10604-rc.read.1.tlog
F:\C艹Projects\BigProject\BigProject\Debug\link.10604-rc.write.1.tlog
F:\C艹Projects\BigProject\BigProject\Debug\link.10604.read.1.tlog
F:\C艹Projects\BigProject\BigProject\Debug\link.10604.write.1.tlog
F:\C艹Projects\BigProject\BigProject\Debug\link.11400-cvtres.read.1.tlog
F:\C艹Projects\BigProject\BigProject\Debug\link.11400-cvtres.write.1.tlog
F:\C艹Projects\BigProject\BigProject\Debug\link.11400-rc.read.1.tlog
F:\C艹Projects\BigProject\BigProject\Debug\link.11400-rc.write.1.tlog
F:\C艹Projects\BigProject\BigProject\Debug\link.11400.read.1.tlog
F:\C艹Projects\BigProject\BigProject\Debug\link.11400.write.1.tlog
F:\C艹Projects\BigProject\BigProject\Debug\link.11540-cvtres.read.1.tlog
F:\C艹Projects\BigProject\BigProject\Debug\link.11540-cvtres.write.1.tlog
F:\C艹Projects\BigProject\BigProject\Debug\link.11540-rc.read.1.tlog
F:\C艹Projects\BigProject\BigProject\Debug\link.11540-rc.write.1.tlog
F:\C艹Projects\BigProject\BigProject\Debug\link.11540.read.1.tlog
F:\C艹Projects\BigProject\BigProject\Debug\link.11540.write.1.tlog
F:\C艹Projects\BigProject\BigProject\Debug\link.11592-cvtres.read.1.tlog
F:\C艹Projects\BigProject\BigProject\Debug\link.11592-cvtres.write.1.tlog
F:\C艹Projects\BigProject\BigProject\Debug\link.11592-rc.read.1.tlog
F:\C艹Projects\BigProject\BigProject\Debug\link.11592-rc.write.1.tlog
F:\C艹Projects\BigProject\BigProject\Debug\link.11592.read.1.tlog
F:\C艹Projects\BigProject\BigProject\Debug\link.11592.write.1.tlog
F:\C艹Projects\BigProject\BigProject\Debug\link.11684-cvtres.read.1.tlog
F:\C艹Projects\BigProject\BigProject\Debug\link.11684-cvtres.write.1.tlog
F:\C艹Projects\BigProject\BigProject\Debug\link.11684-rc.read.1.tlog
F:\C艹Projects\BigProject\BigProject\Debug\link.11684-rc.write.1.tlog
F:\C艹Projects\BigProject\BigProject\Debug\link.11684.read.1.tlog
F:\C艹Projects\BigProject\BigProject\Debug\link.11684.write.1.tlog
F:\C艹Projects\BigProject\BigProject\Debug\link.11984-cvtres.read.1.tlog
F:\C艹Projects\BigProject\BigProject\Debug\link.11984-cvtres.write.1.tlog
F:\C艹Projects\BigProject\BigProject\Debug\link.11984-rc.read.1.tlog
F:\C艹Projects\BigProject\BigProject\Debug\link.11984-rc.write.1.tlog
F:\C艹Projects\BigProject\BigProject\Debug\link.11984.read.1.tlog
F:\C艹Projects\BigProject\BigProject\Debug\link.11984.write.1.tlog
F:\C艹Projects\BigProject\BigProject\Debug\link.12024-cvtres.read.1.tlog
F:\C艹Projects\BigProject\BigProject\Debug\link.12024-cvtres.write.1.tlog
F:\C艹Projects\BigProject\BigProject\Debug\link.12024-rc.read.1.tlog
F:\C艹Projects\BigProject\BigProject\Debug\link.12024-rc.write.1.tlog
F:\C艹Projects\BigProject\BigProject\Debug\link.12024.read.1.tlog
F:\C艹Projects\BigProject\BigProject\Debug\link.12024.write.1.tlog
F:\C艹Projects\BigProject\BigProject\Debug\link.12196-cvtres.read.1.tlog
F:\C艹Projects\BigProject\BigProject\Debug\link.12196-cvtres.write.1.tlog
F:\C艹Projects\BigProject\BigProject\Debug\link.12196-rc.read.1.tlog
F:\C艹Projects\BigProject\BigProject\Debug\link.12196-rc.write.1.tlog
F:\C艹Projects\BigProject\BigProject\Debug\link.12196.read.1.tlog
F:\C艹Projects\BigProject\BigProject\Debug\link.12196.write.1.tlog
F:\C艹Projects\BigProject\BigProject\Debug\link.12224-cvtres.read.1.tlog
F:\C艹Projects\BigProject\BigProject\Debug\link.12224-cvtres.write.1.tlog
F:\C艹Projects\BigProject\BigProject\Debug\link.12224-rc.read.1.tlog
F:\C艹Projects\BigProject\BigProject\Debug\link.12224-rc.write.1.tlog
F:\C艹Projects\BigProject\BigProject\Debug\link.12224.read.1.tlog
F:\C艹Projects\BigProject\BigProject\Debug\link.12224.write.1.tlog
F:\C艹Projects\BigProject\BigProject\Debug\link.12232-cvtres.read.1.tlog
F:\C艹Projects\BigProject\BigProject\Debug\link.12232-cvtres.write.1.tlog
F:\C艹Projects\BigProject\BigProject\Debug\link.12232-rc.read.1.tlog
F:\C艹Projects\BigProject\BigProject\Debug\link.12232-rc.write.1.tlog
F:\C艹Projects\BigProject\BigProject\Debug\link.12232.read.1.tlog
F:\C艹Projects\BigProject\BigProject\Debug\link.12232.write.1.tlog
F:\C艹Projects\BigProject\BigProject\Debug\link.12280-cvtres.read.1.tlog
F:\C艹Projects\BigProject\BigProject\Debug\link.12280-cvtres.write.1.tlog
F:\C艹Projects\BigProject\BigProject\Debug\link.12280-rc.read.1.tlog
F:\C艹Projects\BigProject\BigProject\Debug\link.12280-rc.write.1.tlog
F:\C艹Projects\BigProject\BigProject\Debug\link.12280.read.1.tlog
F:\C艹Projects\BigProject\BigProject\Debug\link.12280.write.1.tlog
F:\C艹Projects\BigProject\BigProject\Debug\link.12420-cvtres.read.1.tlog
F:\C艹Projects\BigProject\BigProject\Debug\link.12420-cvtres.write.1.tlog
F:\C艹Projects\BigProject\BigProject\Debug\link.12420-rc.read.1.tlog
F:\C艹Projects\BigProject\BigProject\Debug\link.12420-rc.write.1.tlog
F:\C艹Projects\BigProject\BigProject\Debug\link.12420.read.1.tlog
F:\C艹Projects\BigProject\BigProject\Debug\link.12420.write.1.tlog
F:\C艹Projects\BigProject\BigProject\Debug\link.12576-cvtres.read.1.tlog
F:\C艹Projects\BigProject\BigProject\Debug\link.12576-cvtres.write.1.tlog
F:\C艹Projects\BigProject\BigProject\Debug\link.12576-rc.read.1.tlog
F:\C艹Projects\BigProject\BigProject\Debug\link.12576-rc.write.1.tlog
F:\C艹Projects\BigProject\BigProject\Debug\link.12576.read.1.tlog
F:\C艹Projects\BigProject\BigProject\Debug\link.12576.write.1.tlog
F:\C艹Projects\BigProject\BigProject\Debug\link.12952-cvtres.read.1.tlog
F:\C艹Projects\BigProject\BigProject\Debug\link.12952-cvtres.write.1.tlog
F:\C艹Projects\BigProject\BigProject\Debug\link.12952-rc.read.1.tlog
F:\C艹Projects\BigProject\BigProject\Debug\link.12952-rc.write.1.tlog
F:\C艹Projects\BigProject\BigProject\Debug\link.12952.read.1.tlog
F:\C艹Projects\BigProject\BigProject\Debug\link.12952.write.1.tlog
F:\C艹Projects\BigProject\BigProject\Debug\link.13220-cvtres.read.1.tlog
F:\C艹Projects\BigProject\BigProject\Debug\link.13220-cvtres.write.1.tlog
F:\C艹Projects\BigProject\BigProject\Debug\link.13220-rc.read.1.tlog
F:\C艹Projects\BigProject\BigProject\Debug\link.13220-rc.write.1.tlog
F:\C艹Projects\BigProject\BigProject\Debug\link.13220.read.1.tlog
F:\C艹Projects\BigProject\BigProject\Debug\link.13220.write.1.tlog
F:\C艹Projects\BigProject\BigProject\Debug\link.13244-cvtres.read.1.tlog
F:\C艹Projects\BigProject\BigProject\Debug\link.13244-cvtres.write.1.tlog
F:\C艹Projects\BigProject\BigProject\Debug\link.13244-rc.read.1.tlog
F:\C艹Projects\BigProject\BigProject\Debug\link.13244-rc.write.1.tlog
F:\C艹Projects\BigProject\BigProject\Debug\link.13244.read.1.tlog
F:\C艹Projects\BigProject\BigProject\Debug\link.13244.write.1.tlog
F:\C艹Projects\BigProject\BigProject\Debug\link.13824-cvtres.read.1.tlog
F:\C艹Projects\BigProject\BigProject\Debug\link.13824-cvtres.write.1.tlog
F:\C艹Projects\BigProject\BigProject\Debug\link.13824-rc.read.1.tlog
F:\C艹Projects\BigProject\BigProject\Debug\link.13824-rc.write.1.tlog
F:\C艹Projects\BigProject\BigProject\Debug\link.13824.read.1.tlog
F:\C艹Projects\BigProject\BigProject\Debug\link.13824.write.1.tlog
F:\C艹Projects\BigProject\BigProject\Debug\link.13840-cvtres.read.1.tlog
F:\C艹Projects\BigProject\BigProject\Debug\link.13840-cvtres.write.1.tlog
F:\C艹Projects\BigProject\BigProject\Debug\link.13840-rc.read.1.tlog
F:\C艹Projects\BigProject\BigProject\Debug\link.13840-rc.write.1.tlog
F:\C艹Projects\BigProject\BigProject\Debug\link.13840.read.1.tlog
F:\C艹Projects\BigProject\BigProject\Debug\link.13840.write.1.tlog
F:\C艹Projects\BigProject\BigProject\Debug\link.1404-cvtres.read.1.tlog
F:\C艹Projects\BigProject\BigProject\Debug\link.1404-cvtres.write.1.tlog
F:\C艹Projects\BigProject\BigProject\Debug\link.1404-rc.read.1.tlog
F:\C艹Projects\BigProject\BigProject\Debug\link.1404-rc.write.1.tlog
F:\C艹Projects\BigProject\BigProject\Debug\link.1404.read.1.tlog
F:\C艹Projects\BigProject\BigProject\Debug\link.1404.write.1.tlog
F:\C艹Projects\BigProject\BigProject\Debug\link.14280-cvtres.read.1.tlog
F:\C艹Projects\BigProject\BigProject\Debug\link.14280-cvtres.write.1.tlog
F:\C艹Projects\BigProject\BigProject\Debug\link.14280-rc.read.1.tlog
F:\C艹Projects\BigProject\BigProject\Debug\link.14280-rc.write.1.tlog
F:\C艹Projects\BigProject\BigProject\Debug\link.14280.read.1.tlog
F:\C艹Projects\BigProject\BigProject\Debug\link.14280.write.1.tlog
F:\C艹Projects\BigProject\BigProject\Debug\link.14548-cvtres.read.1.tlog
F:\C艹Projects\BigProject\BigProject\Debug\link.14548-cvtres.write.1.tlog
F:\C艹Projects\BigProject\BigProject\Debug\link.14548-rc.read.1.tlog
F:\C艹Projects\BigProject\BigProject\Debug\link.14548-rc.write.1.tlog
F:\C艹Projects\BigProject\BigProject\Debug\link.14548.read.1.tlog
F:\C艹Projects\BigProject\BigProject\Debug\link.14548.write.1.tlog
F:\C艹Projects\BigProject\BigProject\Debug\link.1580-cvtres.read.1.tlog
F:\C艹Projects\BigProject\BigProject\Debug\link.1580-cvtres.write.1.tlog
F:\C艹Projects\BigProject\BigProject\Debug\link.1580-rc.read.1.tlog
F:\C艹Projects\BigProject\BigProject\Debug\link.1580-rc.write.1.tlog
F:\C艹Projects\BigProject\BigProject\Debug\link.1580.read.1.tlog
F:\C艹Projects\BigProject\BigProject\Debug\link.1580.write.1.tlog
F:\C艹Projects\BigProject\BigProject\Debug\link.1612-cvtres.read.1.tlog
F:\C艹Projects\BigProject\BigProject\Debug\link.1612-cvtres.write.1.tlog
F:\C艹Projects\BigProject\BigProject\Debug\link.1612-rc.read.1.tlog
F:\C艹Projects\BigProject\BigProject\Debug\link.1612-rc.write.1.tlog
F:\C艹Projects\BigProject\BigProject\Debug\link.1612.read.1.tlog
F:\C艹Projects\BigProject\BigProject\Debug\link.1612.write.1.tlog
F:\C艹Projects\BigProject\BigProject\Debug\link.1688-cvtres.read.1.tlog
F:\C艹Projects\BigProject\BigProject\Debug\link.1688-cvtres.write.1.tlog
F:\C艹Projects\BigProject\BigProject\Debug\link.1688-rc.read.1.tlog
F:\C艹Projects\BigProject\BigProject\Debug\link.1688-rc.write.1.tlog
F:\C艹Projects\BigProject\BigProject\Debug\link.1688.read.1.tlog
F:\C艹Projects\BigProject\BigProject\Debug\link.1688.write.1.tlog
F:\C艹Projects\BigProject\BigProject\Debug\link.1864-cvtres.read.1.tlog
F:\C艹Projects\BigProject\BigProject\Debug\link.1864-cvtres.write.1.tlog
F:\C艹Projects\BigProject\BigProject\Debug\link.1864-rc.read.1.tlog
F:\C艹Projects\BigProject\BigProject\Debug\link.1864-rc.write.1.tlog
F:\C艹Projects\BigProject\BigProject\Debug\link.1864.read.1.tlog
F:\C艹Projects\BigProject\BigProject\Debug\link.1864.write.1.tlog
F:\C艹Projects\BigProject\BigProject\Debug\link.2004-cvtres.read.1.tlog
F:\C艹Projects\BigProject\BigProject\Debug\link.2004-cvtres.write.1.tlog
F:\C艹Projects\BigProject\BigProject\Debug\link.2004-rc.read.1.tlog
F:\C艹Projects\BigProject\BigProject\Debug\link.2004-rc.write.1.tlog
F:\C艹Projects\BigProject\BigProject\Debug\link.2004.read.1.tlog
F:\C艹Projects\BigProject\BigProject\Debug\link.2004.write.1.tlog
F:\C艹Projects\BigProject\BigProject\Debug\link.2724-cvtres.read.1.tlog
F:\C艹Projects\BigProject\BigProject\Debug\link.2724-cvtres.write.1.tlog
F:\C艹Projects\BigProject\BigProject\Debug\link.2724-rc.read.1.tlog
F:\C艹Projects\BigProject\BigProject\Debug\link.2724-rc.write.1.tlog
F:\C艹Projects\BigProject\BigProject\Debug\link.2724.read.1.tlog
F:\C艹Projects\BigProject\BigProject\Debug\link.2724.write.1.tlog
F:\C艹Projects\BigProject\BigProject\Debug\link.27440-cvtres.read.1.tlog
F:\C艹Projects\BigProject\BigProject\Debug\link.27440-cvtres.write.1.tlog
F:\C艹Projects\BigProject\BigProject\Debug\link.27440-rc.read.1.tlog
F:\C艹Projects\BigProject\BigProject\Debug\link.27440-rc.write.1.tlog
F:\C艹Projects\BigProject\BigProject\Debug\link.27440.read.1.tlog
F:\C艹Projects\BigProject\BigProject\Debug\link.27440.write.1.tlog
F:\C艹Projects\BigProject\BigProject\Debug\link.3388-cvtres.read.1.tlog
F:\C艹Projects\BigProject\BigProject\Debug\link.3388-cvtres.write.1.tlog
F:\C艹Projects\BigProject\BigProject\Debug\link.3388-rc.read.1.tlog
F:\C艹Projects\BigProject\BigProject\Debug\link.3388-rc.write.1.tlog
F:\C艹Projects\BigProject\BigProject\Debug\link.3388.read.1.tlog
F:\C艹Projects\BigProject\BigProject\Debug\link.3388.write.1.tlog
F:\C艹Projects\BigProject\BigProject\Debug\link.3416-cvtres.read.1.tlog
F:\C艹Projects\BigProject\BigProject\Debug\link.3416-cvtres.write.1.tlog
F:\C艹Projects\BigProject\BigProject\Debug\link.3416-rc.read.1.tlog
F:\C艹Projects\BigProject\BigProject\Debug\link.3416-rc.write.1.tlog
F:\C艹Projects\BigProject\BigProject\Debug\link.3416.read.1.tlog
F:\C艹Projects\BigProject\BigProject\Debug\link.3416.write.1.tlog
F:\C艹Projects\BigProject\BigProject\Debug\link.356-cvtres.read.1.tlog
F:\C艹Projects\BigProject\BigProject\Debug\link.356-cvtres.write.1.tlog
F:\C艹Projects\BigProject\BigProject\Debug\link.356-rc.read.1.tlog
F:\C艹Projects\BigProject\BigProject\Debug\link.356-rc.write.1.tlog
F:\C艹Projects\BigProject\BigProject\Debug\link.356.read.1.tlog
F:\C艹Projects\BigProject\BigProject\Debug\link.356.write.1.tlog
F:\C艹Projects\BigProject\BigProject\Debug\link.3588-cvtres.read.1.tlog
F:\C艹Projects\BigProject\BigProject\Debug\link.3588-cvtres.write.1.tlog
F:\C艹Projects\BigProject\BigProject\Debug\link.3588-rc.read.1.tlog
F:\C艹Projects\BigProject\BigProject\Debug\link.3588-rc.write.1.tlog
F:\C艹Projects\BigProject\BigProject\Debug\link.3588.read.1.tlog
F:\C艹Projects\BigProject\BigProject\Debug\link.3588.write.1.tlog
F:\C艹Projects\BigProject\BigProject\Debug\link.3624-cvtres.read.1.tlog
F:\C艹Projects\BigProject\BigProject\Debug\link.3624-cvtres.write.1.tlog
F:\C艹Projects\BigProject\BigProject\Debug\link.3624-rc.read.1.tlog
F:\C艹Projects\BigProject\BigProject\Debug\link.3624-rc.write.1.tlog
F:\C艹Projects\BigProject\BigProject\Debug\link.3624.read.1.tlog
F:\C艹Projects\BigProject\BigProject\Debug\link.3624.write.1.tlog
F:\C艹Projects\BigProject\BigProject\Debug\link.3928-cvtres.read.1.tlog
F:\C艹Projects\BigProject\BigProject\Debug\link.3928-cvtres.write.1.tlog
F:\C艹Projects\BigProject\BigProject\Debug\link.3928-rc.read.1.tlog
F:\C艹Projects\BigProject\BigProject\Debug\link.3928-rc.write.1.tlog
F:\C艹Projects\BigProject\BigProject\Debug\link.3928.read.1.tlog
F:\C艹Projects\BigProject\BigProject\Debug\link.3928.write.1.tlog
F:\C艹Projects\BigProject\BigProject\Debug\link.3952-cvtres.read.1.tlog
F:\C艹Projects\BigProject\BigProject\Debug\link.3952-cvtres.write.1.tlog
F:\C艹Projects\BigProject\BigProject\Debug\link.3952-rc.read.1.tlog
F:\C艹Projects\BigProject\BigProject\Debug\link.3952-rc.write.1.tlog
F:\C艹Projects\BigProject\BigProject\Debug\link.3952.read.1.tlog
F:\C艹Projects\BigProject\BigProject\Debug\link.3952.write.1.tlog
F:\C艹Projects\BigProject\BigProject\Debug\link.3988-cvtres.read.1.tlog
F:\C艹Projects\BigProject\BigProject\Debug\link.3988-cvtres.write.1.tlog
F:\C艹Projects\BigProject\BigProject\Debug\link.3988-rc.read.1.tlog
F:\C艹Projects\BigProject\BigProject\Debug\link.3988-rc.write.1.tlog
F:\C艹Projects\BigProject\BigProject\Debug\link.3988.read.1.tlog
F:\C艹Projects\BigProject\BigProject\Debug\link.3988.write.1.tlog
F:\C艹Projects\BigProject\BigProject\Debug\link.4060-cvtres.read.1.tlog
F:\C艹Projects\BigProject\BigProject\Debug\link.4060-cvtres.write.1.tlog
F:\C艹Projects\BigProject\BigProject\Debug\link.4060-rc.read.1.tlog
F:\C艹Projects\BigProject\BigProject\Debug\link.4060-rc.write.1.tlog
F:\C艹Projects\BigProject\BigProject\Debug\link.4060.read.1.tlog
F:\C艹Projects\BigProject\BigProject\Debug\link.4060.write.1.tlog
F:\C艹Projects\BigProject\BigProject\Debug\link.4208-cvtres.read.1.tlog
F:\C艹Projects\BigProject\BigProject\Debug\link.4208-cvtres.write.1.tlog
F:\C艹Projects\BigProject\BigProject\Debug\link.4208-rc.read.1.tlog
F:\C艹Projects\BigProject\BigProject\Debug\link.4208-rc.write.1.tlog
F:\C艹Projects\BigProject\BigProject\Debug\link.4208.read.1.tlog
F:\C艹Projects\BigProject\BigProject\Debug\link.4208.write.1.tlog
F:\C艹Projects\BigProject\BigProject\Debug\link.4344-cvtres.read.1.tlog
F:\C艹Projects\BigProject\BigProject\Debug\link.4344-cvtres.write.1.tlog
F:\C艹Projects\BigProject\BigProject\Debug\link.4344-rc.read.1.tlog
F:\C艹Projects\BigProject\BigProject\Debug\link.4344-rc.write.1.tlog
F:\C艹Projects\BigProject\BigProject\Debug\link.4344.read.1.tlog
F:\C艹Projects\BigProject\BigProject\Debug\link.4344.write.1.tlog
F:\C艹Projects\BigProject\BigProject\Debug\link.4896-cvtres.read.1.tlog
F:\C艹Projects\BigProject\BigProject\Debug\link.4896-cvtres.write.1.tlog
F:\C艹Projects\BigProject\BigProject\Debug\link.4896-rc.read.1.tlog
F:\C艹Projects\BigProject\BigProject\Debug\link.4896-rc.write.1.tlog
F:\C艹Projects\BigProject\BigProject\Debug\link.4896.read.1.tlog
F:\C艹Projects\BigProject\BigProject\Debug\link.4896.write.1.tlog
F:\C艹Projects\BigProject\BigProject\Debug\link.50356-cvtres.read.1.tlog
F:\C艹Projects\BigProject\BigProject\Debug\link.50356-cvtres.write.1.tlog
F:\C艹Projects\BigProject\BigProject\Debug\link.50356-rc.read.1.tlog
F:\C艹Projects\BigProject\BigProject\Debug\link.50356-rc.write.1.tlog
F:\C艹Projects\BigProject\BigProject\Debug\link.50356.read.1.tlog
F:\C艹Projects\BigProject\BigProject\Debug\link.50356.write.1.tlog
F:\C艹Projects\BigProject\BigProject\Debug\link.5060-cvtres.read.1.tlog
F:\C艹Projects\BigProject\BigProject\Debug\link.5060-cvtres.write.1.tlog
F:\C艹Projects\BigProject\BigProject\Debug\link.5060-rc.read.1.tlog
F:\C艹Projects\BigProject\BigProject\Debug\link.5060-rc.write.1.tlog
F:\C艹Projects\BigProject\BigProject\Debug\link.5060.read.1.tlog
F:\C艹Projects\BigProject\BigProject\Debug\link.5060.write.1.tlog
F:\C艹Projects\BigProject\BigProject\Debug\link.5124-cvtres.read.1.tlog
F:\C艹Projects\BigProject\BigProject\Debug\link.5124-cvtres.write.1.tlog
F:\C艹Projects\BigProject\BigProject\Debug\link.5124-rc.read.1.tlog
F:\C艹Projects\BigProject\BigProject\Debug\link.5124-rc.write.1.tlog
F:\C艹Projects\BigProject\BigProject\Debug\link.5124.read.1.tlog
F:\C艹Projects\BigProject\BigProject\Debug\link.5124.write.1.tlog
F:\C艹Projects\BigProject\BigProject\Debug\link.5184-cvtres.read.1.tlog
F:\C艹Projects\BigProject\BigProject\Debug\link.5184-cvtres.write.1.tlog
F:\C艹Projects\BigProject\BigProject\Debug\link.5184-rc.read.1.tlog
F:\C艹Projects\BigProject\BigProject\Debug\link.5184-rc.write.1.tlog
F:\C艹Projects\BigProject\BigProject\Debug\link.5184.read.1.tlog
F:\C艹Projects\BigProject\BigProject\Debug\link.5184.write.1.tlog
F:\C艹Projects\BigProject\BigProject\Debug\link.5192-cvtres.read.1.tlog
F:\C艹Projects\BigProject\BigProject\Debug\link.5192-cvtres.write.1.tlog
F:\C艹Projects\BigProject\BigProject\Debug\link.5192-rc.read.1.tlog
F:\C艹Projects\BigProject\BigProject\Debug\link.5192-rc.write.1.tlog
F:\C艹Projects\BigProject\BigProject\Debug\link.5192.read.1.tlog
F:\C艹Projects\BigProject\BigProject\Debug\link.5192.write.1.tlog
F:\C艹Projects\BigProject\BigProject\Debug\link.5196-cvtres.read.1.tlog
F:\C艹Projects\BigProject\BigProject\Debug\link.5196-cvtres.write.1.tlog
F:\C艹Projects\BigProject\BigProject\Debug\link.5196-rc.read.1.tlog
F:\C艹Projects\BigProject\BigProject\Debug\link.5196-rc.write.1.tlog
F:\C艹Projects\BigProject\BigProject\Debug\link.5196.read.1.tlog
F:\C艹Projects\BigProject\BigProject\Debug\link.5196.write.1.tlog
F:\C艹Projects\BigProject\BigProject\Debug\link.5228-cvtres.read.1.tlog
F:\C艹Projects\BigProject\BigProject\Debug\link.5228-cvtres.write.1.tlog
F:\C艹Projects\BigProject\BigProject\Debug\link.5228-rc.read.1.tlog
F:\C艹Projects\BigProject\BigProject\Debug\link.5228-rc.write.1.tlog
F:\C艹Projects\BigProject\BigProject\Debug\link.5228.read.1.tlog
F:\C艹Projects\BigProject\BigProject\Debug\link.5228.write.1.tlog
F:\C艹Projects\BigProject\BigProject\Debug\link.5272-cvtres.read.1.tlog
F:\C艹Projects\BigProject\BigProject\Debug\link.5272-cvtres.write.1.tlog
F:\C艹Projects\BigProject\BigProject\Debug\link.5272-rc.read.1.tlog
F:\C艹Projects\BigProject\BigProject\Debug\link.5272-rc.write.1.tlog
F:\C艹Projects\BigProject\BigProject\Debug\link.5272.read.1.tlog
F:\C艹Projects\BigProject\BigProject\Debug\link.5272.write.1.tlog
F:\C艹Projects\BigProject\BigProject\Debug\link.5276-cvtres.read.1.tlog
F:\C艹Projects\BigProject\BigProject\Debug\link.5276-cvtres.write.1.tlog
F:\C艹Projects\BigProject\BigProject\Debug\link.5276-rc.read.1.tlog
F:\C艹Projects\BigProject\BigProject\Debug\link.5276-rc.write.1.tlog
F:\C艹Projects\BigProject\BigProject\Debug\link.5276.read.1.tlog
F:\C艹Projects\BigProject\BigProject\Debug\link.5276.write.1.tlog
F:\C艹Projects\BigProject\BigProject\Debug\link.5420-cvtres.read.1.tlog
F:\C艹Projects\BigProject\BigProject\Debug\link.5420-cvtres.write.1.tlog
F:\C艹Projects\BigProject\BigProject\Debug\link.5420-rc.read.1.tlog
F:\C艹Projects\BigProject\BigProject\Debug\link.5420-rc.write.1.tlog
F:\C艹Projects\BigProject\BigProject\Debug\link.5420.read.1.tlog
F:\C艹Projects\BigProject\BigProject\Debug\link.5420.write.1.tlog
F:\C艹Projects\BigProject\BigProject\Debug\link.5444-cvtres.read.1.tlog
F:\C艹Projects\BigProject\BigProject\Debug\link.5444-cvtres.write.1.tlog
F:\C艹Projects\BigProject\BigProject\Debug\link.5444-rc.read.1.tlog
F:\C艹Projects\BigProject\BigProject\Debug\link.5444-rc.write.1.tlog
F:\C艹Projects\BigProject\BigProject\Debug\link.5444.read.1.tlog
F:\C艹Projects\BigProject\BigProject\Debug\link.5444.write.1.tlog
F:\C艹Projects\BigProject\BigProject\Debug\link.5640-cvtres.read.1.tlog
F:\C艹Projects\BigProject\BigProject\Debug\link.5640-cvtres.write.1.tlog
F:\C艹Projects\BigProject\BigProject\Debug\link.5640-rc.read.1.tlog
F:\C艹Projects\BigProject\BigProject\Debug\link.5640-rc.write.1.tlog
F:\C艹Projects\BigProject\BigProject\Debug\link.5640.read.1.tlog
F:\C艹Projects\BigProject\BigProject\Debug\link.5640.write.1.tlog
F:\C艹Projects\BigProject\BigProject\Debug\link.56652-cvtres.read.1.tlog
F:\C艹Projects\BigProject\BigProject\Debug\link.56652-cvtres.write.1.tlog
F:\C艹Projects\BigProject\BigProject\Debug\link.56652-rc.read.1.tlog
F:\C艹Projects\BigProject\BigProject\Debug\link.56652-rc.write.1.tlog
F:\C艹Projects\BigProject\BigProject\Debug\link.56652.read.1.tlog
F:\C艹Projects\BigProject\BigProject\Debug\link.56652.write.1.tlog
F:\C艹Projects\BigProject\BigProject\Debug\link.5672-cvtres.read.1.tlog
F:\C艹Projects\BigProject\BigProject\Debug\link.5672-cvtres.write.1.tlog
F:\C艹Projects\BigProject\BigProject\Debug\link.5672-rc.read.1.tlog
F:\C艹Projects\BigProject\BigProject\Debug\link.5672-rc.write.1.tlog
F:\C艹Projects\BigProject\BigProject\Debug\link.5672.read.1.tlog
F:\C艹Projects\BigProject\BigProject\Debug\link.5672.write.1.tlog
F:\C艹Projects\BigProject\BigProject\Debug\link.5692-cvtres.read.1.tlog
F:\C艹Projects\BigProject\BigProject\Debug\link.5692-cvtres.write.1.tlog
F:\C艹Projects\BigProject\BigProject\Debug\link.5692-rc.read.1.tlog
F:\C艹Projects\BigProject\BigProject\Debug\link.5692-rc.write.1.tlog
F:\C艹Projects\BigProject\BigProject\Debug\link.5692.read.1.tlog
F:\C艹Projects\BigProject\BigProject\Debug\link.5692.write.1.tlog
F:\C艹Projects\BigProject\BigProject\Debug\link.5852-cvtres.read.1.tlog
F:\C艹Projects\BigProject\BigProject\Debug\link.5852-cvtres.write.1.tlog
F:\C艹Projects\BigProject\BigProject\Debug\link.5852-rc.read.1.tlog
F:\C艹Projects\BigProject\BigProject\Debug\link.5852-rc.write.1.tlog
F:\C艹Projects\BigProject\BigProject\Debug\link.5852.read.1.tlog
F:\C艹Projects\BigProject\BigProject\Debug\link.5852.write.1.tlog
F:\C艹Projects\BigProject\BigProject\Debug\link.5920-cvtres.read.1.tlog
F:\C艹Projects\BigProject\BigProject\Debug\link.5920-cvtres.write.1.tlog
F:\C艹Projects\BigProject\BigProject\Debug\link.5920-rc.read.1.tlog
F:\C艹Projects\BigProject\BigProject\Debug\link.5920-rc.write.1.tlog
F:\C艹Projects\BigProject\BigProject\Debug\link.5920.read.1.tlog
F:\C艹Projects\BigProject\BigProject\Debug\link.5920.write.1.tlog
F:\C艹Projects\BigProject\BigProject\Debug\link.5992-cvtres.read.1.tlog
F:\C艹Projects\BigProject\BigProject\Debug\link.5992-cvtres.write.1.tlog
F:\C艹Projects\BigProject\BigProject\Debug\link.5992-rc.read.1.tlog
F:\C艹Projects\BigProject\BigProject\Debug\link.5992-rc.write.1.tlog
F:\C艹Projects\BigProject\BigProject\Debug\link.5992.read.1.tlog
F:\C艹Projects\BigProject\BigProject\Debug\link.5992.write.1.tlog
F:\C艹Projects\BigProject\BigProject\Debug\link.6188-cvtres.read.1.tlog
F:\C艹Projects\BigProject\BigProject\Debug\link.6188-cvtres.write.1.tlog
F:\C艹Projects\BigProject\BigProject\Debug\link.6188-rc.read.1.tlog
F:\C艹Projects\BigProject\BigProject\Debug\link.6188-rc.write.1.tlog
F:\C艹Projects\BigProject\BigProject\Debug\link.6188.read.1.tlog
F:\C艹Projects\BigProject\BigProject\Debug\link.6188.write.1.tlog
F:\C艹Projects\BigProject\BigProject\Debug\link.6264-cvtres.read.1.tlog
F:\C艹Projects\BigProject\BigProject\Debug\link.6264-cvtres.write.1.tlog
F:\C艹Projects\BigProject\BigProject\Debug\link.6264-rc.read.1.tlog
F:\C艹Projects\BigProject\BigProject\Debug\link.6264-rc.write.1.tlog
F:\C艹Projects\BigProject\BigProject\Debug\link.6264.read.1.tlog
F:\C艹Projects\BigProject\BigProject\Debug\link.6264.write.1.tlog
F:\C艹Projects\BigProject\BigProject\Debug\link.6352-cvtres.read.1.tlog
F:\C艹Projects\BigProject\BigProject\Debug\link.6352-cvtres.write.1.tlog
F:\C艹Projects\BigProject\BigProject\Debug\link.6352-rc.read.1.tlog
F:\C艹Projects\BigProject\BigProject\Debug\link.6352-rc.write.1.tlog
F:\C艹Projects\BigProject\BigProject\Debug\link.6352.read.1.tlog
F:\C艹Projects\BigProject\BigProject\Debug\link.6352.write.1.tlog
F:\C艹Projects\BigProject\BigProject\Debug\link.6400-cvtres.read.1.tlog
F:\C艹Projects\BigProject\BigProject\Debug\link.6400-cvtres.write.1.tlog
F:\C艹Projects\BigProject\BigProject\Debug\link.6400-rc.read.1.tlog
F:\C艹Projects\BigProject\BigProject\Debug\link.6400-rc.write.1.tlog
F:\C艹Projects\BigProject\BigProject\Debug\link.6400.read.1.tlog
F:\C艹Projects\BigProject\BigProject\Debug\link.6400.write.1.tlog
F:\C艹Projects\BigProject\BigProject\Debug\link.6412-cvtres.read.1.tlog
F:\C艹Projects\BigProject\BigProject\Debug\link.6412-cvtres.write.1.tlog
F:\C艹Projects\BigProject\BigProject\Debug\link.6412-rc.read.1.tlog
F:\C艹Projects\BigProject\BigProject\Debug\link.6412-rc.write.1.tlog
F:\C艹Projects\BigProject\BigProject\Debug\link.6412.read.1.tlog
F:\C艹Projects\BigProject\BigProject\Debug\link.6412.write.1.tlog
F:\C艹Projects\BigProject\BigProject\Debug\link.6468-cvtres.read.1.tlog
F:\C艹Projects\BigProject\BigProject\Debug\link.6468-cvtres.write.1.tlog
F:\C艹Projects\BigProject\BigProject\Debug\link.6468-rc.read.1.tlog
F:\C艹Projects\BigProject\BigProject\Debug\link.6468-rc.write.1.tlog
F:\C艹Projects\BigProject\BigProject\Debug\link.6468.read.1.tlog
F:\C艹Projects\BigProject\BigProject\Debug\link.6468.write.1.tlog
F:\C艹Projects\BigProject\BigProject\Debug\link.6492-cvtres.read.1.tlog
F:\C艹Projects\BigProject\BigProject\Debug\link.6492-cvtres.write.1.tlog
F:\C艹Projects\BigProject\BigProject\Debug\link.6492-rc.read.1.tlog
F:\C艹Projects\BigProject\BigProject\Debug\link.6492-rc.write.1.tlog
F:\C艹Projects\BigProject\BigProject\Debug\link.6492.read.1.tlog
F:\C艹Projects\BigProject\BigProject\Debug\link.6492.write.1.tlog
F:\C艹Projects\BigProject\BigProject\Debug\link.6740-cvtres.read.1.tlog
F:\C艹Projects\BigProject\BigProject\Debug\link.6740-cvtres.write.1.tlog
F:\C艹Projects\BigProject\BigProject\Debug\link.6740-rc.read.1.tlog
F:\C艹Projects\BigProject\BigProject\Debug\link.6740-rc.write.1.tlog
F:\C艹Projects\BigProject\BigProject\Debug\link.6740.read.1.tlog
F:\C艹Projects\BigProject\BigProject\Debug\link.6740.write.1.tlog
F:\C艹Projects\BigProject\BigProject\Debug\link.6780-cvtres.read.1.tlog
F:\C艹Projects\BigProject\BigProject\Debug\link.6780-cvtres.write.1.tlog
F:\C艹Projects\BigProject\BigProject\Debug\link.6780-rc.read.1.tlog
F:\C艹Projects\BigProject\BigProject\Debug\link.6780-rc.write.1.tlog
F:\C艹Projects\BigProject\BigProject\Debug\link.6780.read.1.tlog
F:\C艹Projects\BigProject\BigProject\Debug\link.6780.write.1.tlog
F:\C艹Projects\BigProject\BigProject\Debug\link.6936-cvtres.read.1.tlog
F:\C艹Projects\BigProject\BigProject\Debug\link.6936-cvtres.write.1.tlog
F:\C艹Projects\BigProject\BigProject\Debug\link.6936-rc.read.1.tlog
F:\C艹Projects\BigProject\BigProject\Debug\link.6936-rc.write.1.tlog
F:\C艹Projects\BigProject\BigProject\Debug\link.6936.read.1.tlog
F:\C艹Projects\BigProject\BigProject\Debug\link.6936.write.1.tlog
F:\C艹Projects\BigProject\BigProject\Debug\link.7028-cvtres.read.1.tlog
F:\C艹Projects\BigProject\BigProject\Debug\link.7028-cvtres.write.1.tlog
F:\C艹Projects\BigProject\BigProject\Debug\link.7028-rc.read.1.tlog
F:\C艹Projects\BigProject\BigProject\Debug\link.7028-rc.write.1.tlog
F:\C艹Projects\BigProject\BigProject\Debug\link.7028.read.1.tlog
F:\C艹Projects\BigProject\BigProject\Debug\link.7028.write.1.tlog
F:\C艹Projects\BigProject\BigProject\Debug\link.7052-cvtres.read.1.tlog
F:\C艹Projects\BigProject\BigProject\Debug\link.7052-cvtres.write.1.tlog
F:\C艹Projects\BigProject\BigProject\Debug\link.7052-rc.read.1.tlog
F:\C艹Projects\BigProject\BigProject\Debug\link.7052-rc.write.1.tlog
F:\C艹Projects\BigProject\BigProject\Debug\link.7052.read.1.tlog
F:\C艹Projects\BigProject\BigProject\Debug\link.7052.write.1.tlog
F:\C艹Projects\BigProject\BigProject\Debug\link.7208-cvtres.read.1.tlog
F:\C艹Projects\BigProject\BigProject\Debug\link.7208-cvtres.write.1.tlog
F:\C艹Projects\BigProject\BigProject\Debug\link.7208-rc.read.1.tlog
F:\C艹Projects\BigProject\BigProject\Debug\link.7208-rc.write.1.tlog
F:\C艹Projects\BigProject\BigProject\Debug\link.7208.read.1.tlog
F:\C艹Projects\BigProject\BigProject\Debug\link.7208.write.1.tlog
F:\C艹Projects\BigProject\BigProject\Debug\link.7396-cvtres.read.1.tlog
F:\C艹Projects\BigProject\BigProject\Debug\link.7396-cvtres.write.1.tlog
F:\C艹Projects\BigProject\BigProject\Debug\link.7396-rc.read.1.tlog
F:\C艹Projects\BigProject\BigProject\Debug\link.7396-rc.write.1.tlog
F:\C艹Projects\BigProject\BigProject\Debug\link.7396.read.1.tlog
F:\C艹Projects\BigProject\BigProject\Debug\link.7396.write.1.tlog
F:\C艹Projects\BigProject\BigProject\Debug\link.7656-cvtres.read.1.tlog
F:\C艹Projects\BigProject\BigProject\Debug\link.7656-cvtres.write.1.tlog
F:\C艹Projects\BigProject\BigProject\Debug\link.7656-rc.read.1.tlog
F:\C艹Projects\BigProject\BigProject\Debug\link.7656-rc.write.1.tlog
F:\C艹Projects\BigProject\BigProject\Debug\link.7656.read.1.tlog
F:\C艹Projects\BigProject\BigProject\Debug\link.7656.write.1.tlog
F:\C艹Projects\BigProject\BigProject\Debug\link.7672-cvtres.read.1.tlog
F:\C艹Projects\BigProject\BigProject\Debug\link.7672-cvtres.write.1.tlog
F:\C艹Projects\BigProject\BigProject\Debug\link.7672-rc.read.1.tlog
F:\C艹Projects\BigProject\BigProject\Debug\link.7672-rc.write.1.tlog
F:\C艹Projects\BigProject\BigProject\Debug\link.7672.read.1.tlog
F:\C艹Projects\BigProject\BigProject\Debug\link.7672.write.1.tlog
F:\C艹Projects\BigProject\BigProject\Debug\link.8436-cvtres.read.1.tlog
F:\C艹Projects\BigProject\BigProject\Debug\link.8436-cvtres.write.1.tlog
F:\C艹Projects\BigProject\BigProject\Debug\link.8436-rc.read.1.tlog
F:\C艹Projects\BigProject\BigProject\Debug\link.8436-rc.write.1.tlog
F:\C艹Projects\BigProject\BigProject\Debug\link.8436.read.1.tlog
F:\C艹Projects\BigProject\BigProject\Debug\link.8436.write.1.tlog
F:\C艹Projects\BigProject\BigProject\Debug\link.8480-cvtres.read.1.tlog
F:\C艹Projects\BigProject\BigProject\Debug\link.8480-cvtres.write.1.tlog
F:\C艹Projects\BigProject\BigProject\Debug\link.8480-rc.read.1.tlog
F:\C艹Projects\BigProject\BigProject\Debug\link.8480-rc.write.1.tlog
F:\C艹Projects\BigProject\BigProject\Debug\link.8480.read.1.tlog
F:\C艹Projects\BigProject\BigProject\Debug\link.8480.write.1.tlog
F:\C艹Projects\BigProject\BigProject\Debug\link.8484-cvtres.read.1.tlog
F:\C艹Projects\BigProject\BigProject\Debug\link.8484-cvtres.write.1.tlog
F:\C艹Projects\BigProject\BigProject\Debug\link.8484-rc.read.1.tlog
F:\C艹Projects\BigProject\BigProject\Debug\link.8484-rc.write.1.tlog
F:\C艹Projects\BigProject\BigProject\Debug\link.8484.read.1.tlog
F:\C艹Projects\BigProject\BigProject\Debug\link.8484.write.1.tlog
F:\C艹Projects\BigProject\BigProject\Debug\link.864-cvtres.read.1.tlog
F:\C艹Projects\BigProject\BigProject\Debug\link.864-cvtres.write.1.tlog
F:\C艹Projects\BigProject\BigProject\Debug\link.864-rc.read.1.tlog
F:\C艹Projects\BigProject\BigProject\Debug\link.864-rc.write.1.tlog
F:\C艹Projects\BigProject\BigProject\Debug\link.864.read.1.tlog
F:\C艹Projects\BigProject\BigProject\Debug\link.864.write.1.tlog
F:\C艹Projects\BigProject\BigProject\Debug\link.8796-cvtres.read.1.tlog
F:\C艹Projects\BigProject\BigProject\Debug\link.8796-cvtres.write.1.tlog
F:\C艹Projects\BigProject\BigProject\Debug\link.8796-rc.read.1.tlog
F:\C艹Projects\BigProject\BigProject\Debug\link.8796-rc.write.1.tlog
F:\C艹Projects\BigProject\BigProject\Debug\link.8796.read.1.tlog
F:\C艹Projects\BigProject\BigProject\Debug\link.8796.write.1.tlog
F:\C艹Projects\BigProject\BigProject\Debug\link.9384-cvtres.read.1.tlog
F:\C艹Projects\BigProject\BigProject\Debug\link.9384-cvtres.write.1.tlog
F:\C艹Projects\BigProject\BigProject\Debug\link.9384-rc.read.1.tlog
F:\C艹Projects\BigProject\BigProject\Debug\link.9384-rc.write.1.tlog
F:\C艹Projects\BigProject\BigProject\Debug\link.9384.read.1.tlog
F:\C艹Projects\BigProject\BigProject\Debug\link.9384.write.1.tlog
F:\C艹Projects\BigProject\BigProject\Debug\link.9456-cvtres.read.1.tlog
F:\C艹Projects\BigProject\BigProject\Debug\link.9456-cvtres.write.1.tlog
F:\C艹Projects\BigProject\BigProject\Debug\link.9456-rc.read.1.tlog
F:\C艹Projects\BigProject\BigProject\Debug\link.9456-rc.write.1.tlog
F:\C艹Projects\BigProject\BigProject\Debug\link.9456.read.1.tlog
F:\C艹Projects\BigProject\BigProject\Debug\link.9456.write.1.tlog
F:\C艹Projects\BigProject\BigProject\Debug\link.976-cvtres.read.1.tlog
F:\C艹Projects\BigProject\BigProject\Debug\link.976-cvtres.write.1.tlog
F:\C艹Projects\BigProject\BigProject\Debug\link.976-rc.read.1.tlog
F:\C艹Projects\BigProject\BigProject\Debug\link.976-rc.write.1.tlog
F:\C艹Projects\BigProject\BigProject\Debug\link.976.read.1.tlog
F:\C艹Projects\BigProject\BigProject\Debug\link.976.write.1.tlog
F:\C艹Projects\BigProject\BigProject\Debug\link.9832-cvtres.read.1.tlog
F:\C艹Projects\BigProject\BigProject\Debug\link.9832-cvtres.write.1.tlog
F:\C艹Projects\BigProject\BigProject\Debug\link.9832-rc.read.1.tlog
F:\C艹Projects\BigProject\BigProject\Debug\link.9832-rc.write.1.tlog
F:\C艹Projects\BigProject\BigProject\Debug\link.9832.read.1.tlog
F:\C艹Projects\BigProject\BigProject\Debug\link.9832.write.1.tlog
F:\C艹Projects\BigProject\BigProject\Debug\link.9836-cvtres.read.1.tlog
F:\C艹Projects\BigProject\BigProject\Debug\link.9836-cvtres.write.1.tlog
F:\C艹Projects\BigProject\BigProject\Debug\link.9836-rc.read.1.tlog
F:\C艹Projects\BigProject\BigProject\Debug\link.9836-rc.write.1.tlog
F:\C艹Projects\BigProject\BigProject\Debug\link.9836.read.1.tlog
F:\C艹Projects\BigProject\BigProject\Debug\link.9836.write.1.tlog
F:\C艹Projects\BigProject\BigProject\Debug\link.984-cvtres.read.1.tlog
F:\C艹Projects\BigProject\BigProject\Debug\link.984-cvtres.write.1.tlog
F:\C艹Projects\BigProject\BigProject\Debug\link.984-rc.read.1.tlog
F:\C艹Projects\BigProject\BigProject\Debug\link.984-rc.write.1.tlog
F:\C艹Projects\BigProject\BigProject\Debug\link.984.read.1.tlog
F:\C艹Projects\BigProject\BigProject\Debug\link.984.write.1.tlog
F:\C艹Projects\BigProject\BigProject\Debug\link.9868-cvtres.read.1.tlog
F:\C艹Projects\BigProject\BigProject\Debug\link.9868-cvtres.write.1.tlog
F:\C艹Projects\BigProject\BigProject\Debug\link.9868-rc.read.1.tlog
F:\C艹Projects\BigProject\BigProject\Debug\link.9868-rc.write.1.tlog
F:\C艹Projects\BigProject\BigProject\Debug\link.9868.read.1.tlog
F:\C艹Projects\BigProject\BigProject\Debug\link.9868.write.1.tlog
F:\C艹Projects\BigProject\BigProject\Debug\link.9980-cvtres.read.1.tlog
F:\C艹Projects\BigProject\BigProject\Debug\link.9980-cvtres.write.1.tlog
F:\C艹Projects\BigProject\BigProject\Debug\link.9980-rc.read.1.tlog
F:\C艹Projects\BigProject\BigProject\Debug\link.9980-rc.write.1.tlog
F:\C艹Projects\BigProject\BigProject\Debug\link.9980.read.1.tlog
F:\C艹Projects\BigProject\BigProject\Debug\link.9980.write.1.tlog
F:\C艹Projects\BigProject\BigProject\Debug\link.command.1.tlog
F:\C艹Projects\BigProject\BigProject\Debug\link.read.1.tlog
F:\C艹Projects\BigProject\BigProject\Debug\link.write.1.tlog
F:\C艹Projects\BigProject\BigProject\Debug\vc110.idb
F:\C艹Projects\BigProject\BigProject\Debug\vc110.pdb
F:\C艹Projects\BigProject\Debug\BigProject.pdb
F:\C艹Projects\BigProject\Debug\BigProject.exe
F:\C艹Projects\BigProject\Debug\BigProject.ilk
